0 info it worked if it ends with ok
1 verbose cli [ '/home/yesobo/.nvm/versions/node/v7.1.0/bin/node',
1 verbose cli   '/home/yesobo/.nvm/versions/node/v7.1.0/bin/npm',
1 verbose cli   'start' ]
2 info using npm@3.10.9
3 info using node@v7.1.0
4 verbose run-script [ 'prestart', 'start', 'poststart' ]
5 info lifecycle ng1-yarn-babel-webpack@1.0.0~prestart: ng1-yarn-babel-webpack@1.0.0
6 silly lifecycle ng1-yarn-babel-webpack@1.0.0~prestart: no script for prestart, continuing
7 info lifecycle ng1-yarn-babel-webpack@1.0.0~start: ng1-yarn-babel-webpack@1.0.0
8 verbose lifecycle ng1-yarn-babel-webpack@1.0.0~start: unsafe-perm in lifecycle true
9 verbose lifecycle ng1-yarn-babel-webpack@1.0.0~start: PATH: /home/yesobo/.nvm/versions/node/v7.1.0/lib/node_modules/npm/bin/node-gyp-bin:/home/yesobo/Dev/web-scaffold/node_modules/.bin:/home/yesobo/.nvm/versions/node/v7.1.0/bin:/usr/local/sbin:/usr/local/bin:/usr/sbin:/usr/bin:/sbin:/bin:/usr/games:/usr/local/games
10 verbose lifecycle ng1-yarn-babel-webpack@1.0.0~start: CWD: /home/yesobo/Dev/web-scaffold
11 silly lifecycle ng1-yarn-babel-webpack@1.0.0~start: Args: [ '-c', 'webpack-dev-server --open --progress --colors' ]
12 silly lifecycle ng1-yarn-babel-webpack@1.0.0~start: Returned: code: 1  signal: null
13 info lifecycle ng1-yarn-babel-webpack@1.0.0~start: Failed to exec start script
14 verbose stack Error: ng1-yarn-babel-webpack@1.0.0 start: `webpack-dev-server --open --progress --colors`
14 verbose stack Exit status 1
14 verbose stack     at EventEmitter.<anonymous> (/home/yesobo/.nvm/versions/node/v7.1.0/lib/node_modules/npm/lib/utils/lifecycle.js:255:16)
14 verbose stack     at emitTwo (events.js:106:13)
14 verbose stack     at EventEmitter.emit (events.js:191:7)
14 verbose stack     at ChildProcess.<anonymous> (/home/yesobo/.nvm/versions/node/v7.1.0/lib/node_modules/npm/lib/utils/spawn.js:40:14)
14 verbose stack     at emitTwo (events.js:106:13)
14 verbose stack     at ChildProcess.emit (events.js:191:7)
14 verbose stack     at maybeClose (internal/child_process.js:885:16)
14 verbose stack     at Process.ChildProcess._handle.onexit (internal/child_process.js:226:5)
15 verbose pkgid ng1-yarn-babel-webpack@1.0.0
16 verbose cwd /home/yesobo/Dev/web-scaffold
17 error Linux 4.4.0-62-generic
18 error argv "/home/yesobo/.nvm/versions/node/v7.1.0/bin/node" "/home/yesobo/.nvm/versions/node/v7.1.0/bin/npm" "start"
19 error node v7.1.0
20 error npm  v3.10.9
21 error code ELIFECYCLE
22 error ng1-yarn-babel-webpack@1.0.0 start: `webpack-dev-server --open --progress --colors`
22 error Exit status 1
23 error Failed at the ng1-yarn-babel-webpack@1.0.0 start script 'webpack-dev-server --open --progress --colors'.
23 error Make sure you have the latest version of node.js and npm installed.
23 error If you do, this is most likely a problem with the ng1-yarn-babel-webpack package,
23 error not with npm itself.
23 error Tell the author that this fails on your system:
23 error     webpack-dev-server --open --progress --colors
23 error You can get information on how to open an issue for this project with:
23 error     npm bugs ng1-yarn-babel-webpack
23 error Or if that isn't available, you can get their info via:
23 error     npm owner ls ng1-yarn-babel-webpack
23 error There is likely additional logging output above.
24 verbose exit [ 1, true ]
